<?xml version="1.0" encoding="UTF-8"?>
<!-- Generated by org.testng.reporters.JUnitXMLReporter -->
<testsuite ignored="3" hostname="DESKTOP-NBEVFU4" failures="0" tests="1" name="Default test" time="19.973" errors="0" timestamp="2023-05-05T22:58:18 GST">
  <testcase classname="com.qalegentbilling.testscripts.AddTest" name="TC013_verifyerrorMsginAdduser" time="7.666"/>
  <testcase classname="com.qalegentbilling.testscripts.AddTest" name="TC016_verifyNewuserlogin" time="0.0">
    <ignored/>
  </testcase> <!-- TC016_verifyNewuserlogin -->
  <testcase classname="com.qalegentbilling.testscripts.AddTest" name="TC014_verifyNewuserlogin" time="0.0">
    <ignored/>
  </testcase> <!-- TC014_verifyNewuserlogin -->
  <testcase classname="com.qalegentbilling.testscripts.AddTest" name="TC015_verifyAdduserpageTitle" time="0.0">
    <ignored/>
  </testcase> <!-- TC015_verifyAdduserpageTitle -->
</testsuite> <!-- Default test -->
