<?xml version="1.0" encoding="UTF-8"?>
<!-- Generated by org.testng.reporters.JUnitXMLReporter -->
<testsuite ignored="8" hostname="DESKTOP-NBEVFU4" failures="0" tests="2" name="parameter testing grouping" time="23.064" errors="0" timestamp="2023-04-26T16:40:21 GST">
  <testcase classname="com.qalegentbilling.testscripts.HomeTest" name="TC006_verifyHomePageTitle" time="3.789"/>
  <testcase classname="com.qalegentbilling.testscripts.LoginTest" name="TC001_verifyLoginPageTitle" time="0.064"/>
  <testcase classname="com.qalegentbilling.testscripts.LoginTest" name="TC003_verifyerrormessageLoginWithinValidCredentials" time="0.0">
    <ignored/>
  </testcase> <!-- TC003_verifyerrormessageLoginWithinValidCredentials -->
  <testcase classname="com.qalegentbilling.testscripts.UserTest" name="TC010_verifyUserSearchWithValidData" time="0.0">
    <ignored/>
  </testcase> <!-- TC010_verifyUserSearchWithValidData -->
  <testcase classname="com.qalegentbilling.testscripts.LoginTest" name="TC005_verifyResetpasswordErrormessage" time="0.0">
    <ignored/>
  </testcase> <!-- TC005_verifyResetpasswordErrormessage -->
  <testcase classname="com.qalegentbilling.testscripts.HomeTest" name="TC008_verifysignoutbutton" time="0.0">
    <ignored/>
  </testcase> <!-- TC008_verifysignoutbutton -->
  <testcase classname="com.qalegentbilling.testscripts.UserTest" name="TC010_verifyUserPageTitle" time="0.0">
    <ignored/>
  </testcase> <!-- TC010_verifyUserPageTitle -->
  <testcase classname="com.qalegentbilling.testscripts.LoginTest" name="TC004_verifyRemembermeCheckBoxClick" time="0.0">
    <ignored/>
  </testcase> <!-- TC004_verifyRemembermeCheckBoxClick -->
  <testcase classname="com.qalegentbilling.testscripts.HomeTest" name="TC009_verifyuserManagementbutton" time="0.0">
    <ignored/>
  </testcase> <!-- TC009_verifyuserManagementbutton -->
  <testcase classname="com.qalegentbilling.testscripts.LoginTest" name="TC002_verifyUserLoginWithValidCredentials" time="0.0">
    <ignored/>
  </testcase> <!-- TC002_verifyUserLoginWithValidCredentials -->
</testsuite> <!-- parameter testing grouping -->
