<?xml version="1.0" encoding="UTF-8"?>
<!-- Generated by org.testng.reporters.JUnitXMLReporter -->
<testsuite ignored="9" hostname="DESKTOP-NBEVFU4" failures="0" tests="2" name="parameter testing grouping" time="26.86" errors="0" timestamp="2023-05-02T10:01:00 GST">
  <testcase classname="com.qalegentbilling.testscripts.HomeTest" name="TC006_verifyHomePageTitle" time="4.822"/>
  <testcase classname="com.qalegentbilling.testscripts.LoginTest" name="TC001_verifyLoginPageTitle" time="0.091"/>
  <testcase classname="com.qalegentbilling.testscripts.LoginTest" name="TC005_verifyResetpasswordErrormessage" time="0.0">
    <ignored/>
  </testcase> <!-- TC005_verifyResetpasswordErrormessage -->
  <testcase classname="com.qalegentbilling.testscripts.UserTest" name="TC010_verifyUserPageTitle" time="0.0">
    <ignored/>
  </testcase> <!-- TC010_verifyUserPageTitle -->
  <testcase classname="com.qalegentbilling.testscripts.UserTest" name="TC011_verifyUserSearchWithValidData" time="0.0">
    <ignored/>
  </testcase> <!-- TC011_verifyUserSearchWithValidData -->
  <testcase classname="com.qalegentbilling.testscripts.LoginTest" name="TC002_verifyUserLoginWithValidCredentials" time="0.0">
    <ignored/>
  </testcase> <!-- TC002_verifyUserLoginWithValidCredentials -->
  <testcase classname="com.qalegentbilling.testscripts.LoginTest" name="TC003_verifyerrormessageLoginWithinValidCredentials" time="0.0">
    <ignored/>
  </testcase> <!-- TC003_verifyerrormessageLoginWithinValidCredentials -->
  <testcase classname="com.qalegentbilling.testscripts.HomeTest" name="TC008_verifysignoutbutton" time="0.0">
    <ignored/>
  </testcase> <!-- TC008_verifysignoutbutton -->
  <testcase classname="com.qalegentbilling.testscripts.LoginTest" name="TC004_verifyRemembermeCheckBoxClick" time="0.0">
    <ignored/>
  </testcase> <!-- TC004_verifyRemembermeCheckBoxClick -->
  <testcase classname="com.qalegentbilling.testscripts.HomeTest" name="TC009_verifyuserManagementbutton" time="0.0">
    <ignored/>
  </testcase> <!-- TC009_verifyuserManagementbutton -->
  <testcase classname="com.qalegentbilling.testscripts.UserTest" name="TC012_verifyUserSearchWithInValidData" time="0.0">
    <ignored/>
  </testcase> <!-- TC012_verifyUserSearchWithInValidData -->
</testsuite> <!-- parameter testing grouping -->
