<?xml version="1.0" encoding="UTF-8"?>
<!-- Generated by org.testng.reporters.JUnitXMLReporter -->
<testsuite ignored="2" hostname="DESKTOP-NBEVFU4" failures="0" tests="1" name="Chrome Test2" time="23.659" errors="0" timestamp="2023-05-05T19:41:51 GST">
  <testcase classname="com.qalegentbilling.testscripts.HomeTest" name="TC006_verifyHomePageTitle" time="3.608"/>
  <testcase classname="com.qalegentbilling.testscripts.HomeTest" name="TC008_verifysignoutbutton" time="0.0">
    <ignored/>
  </testcase> <!-- TC008_verifysignoutbutton -->
  <testcase classname="com.qalegentbilling.testscripts.HomeTest" name="TC009_verifyuserManagementbutton" time="0.0">
    <ignored/>
  </testcase> <!-- TC009_verifyuserManagementbutton -->
</testsuite> <!-- Chrome Test2 -->
