<?xml version="1.0" encoding="UTF-8"?>
<!-- Generated by org.testng.reporters.JUnitXMLReporter -->
<testsuite ignored="4" hostname="DESKTOP-NBEVFU4" failures="0" tests="1" name="Chrome Test" time="13.034" errors="0" timestamp="2023-05-02T10:00:11 GST">
  <testcase classname="com.qalegentbilling.testscripts.LoginTest" name="TC001_verifyLoginPageTitle" time="0.827"/>
  <testcase classname="com.qalegentbilling.testscripts.LoginTest" name="TC002_verifyUserLoginWithValidCredentials" time="0.0">
    <ignored/>
  </testcase> <!-- TC002_verifyUserLoginWithValidCredentials -->
  <testcase classname="com.qalegentbilling.testscripts.LoginTest" name="TC004_verifyRemembermeCheckBoxClick" time="0.0">
    <ignored/>
  </testcase> <!-- TC004_verifyRemembermeCheckBoxClick -->
  <testcase classname="com.qalegentbilling.testscripts.LoginTest" name="TC003_verifyerrormessageLoginWithinValidCredentials" time="0.0">
    <ignored/>
  </testcase> <!-- TC003_verifyerrormessageLoginWithinValidCredentials -->
  <testcase classname="com.qalegentbilling.testscripts.LoginTest" name="TC005_verifyResetpasswordErrormessage" time="0.0">
    <ignored/>
  </testcase> <!-- TC005_verifyResetpasswordErrormessage -->
</testsuite> <!-- Chrome Test -->
