<?xml version="1.0" encoding="UTF-8"?>
<testng-results ignored="9" total="11" passed="2" failed="0" skipped="0">
  <reporter-output>
  </reporter-output>
  <suite started-at="2023-05-02T10:00:33 GST" name="grouping testing Suite" finished-at="2023-05-02T10:01:00 GST" duration-ms="26860">
    <groups>
      <group name="smoke">
        <method signature="HomeTest.TC006_verifyHomePageTitle()[pri:1, instance:com.qalegentbilling.testscripts.HomeTest@4c012563]" name="TC006_verifyHomePageTitle" class="com.qalegentbilling.testscripts.HomeTest"/>
        <method signature="LoginTest.TC001_verifyLoginPageTitle()[pri:1, instance:com.qalegentbilling.testscripts.LoginTest@44a59da3]" name="TC001_verifyLoginPageTitle" class="com.qalegentbilling.testscripts.LoginTest"/>
      </group> <!-- smoke -->
    </groups>
    <test started-at="2023-05-02T10:00:33 GST" name="parameter testing grouping" finished-at="2023-05-02T10:01:00 GST" duration-ms="26860">
      <class name="com.qalegentbilling.testscripts.HomeTest">
        <test-method is-config="true" signature="setUP(java.lang.String)[pri:0, instance:com.qalegentbilling.testscripts.HomeTest@4c012563]" started-at="2023-05-02T10:00:33 GST" name="setUP" finished-at="2023-05-02T10:00:43 GST" duration-ms="9914" status="PASS">
          <params>
            <param index="0">
              <value>
                <![CDATA[chrome]]>
              </value>
            </param>
          </params>
          <reporter-output>
          </reporter-output>
        </test-method> <!-- setUP -->
        <test-method signature="TC006_verifyHomePageTitle()[pri:1, instance:com.qalegentbilling.testscripts.HomeTest@4c012563]" started-at="2023-05-02T10:00:43 GST" name="TC006_verifyHomePageTitle" description="TC001 verify Home Page Title" finished-at="2023-05-02T10:00:47 GST" duration-ms="4822" status="PASS">
          <reporter-output>
          </reporter-output>
        </test-method> <!-- TC006_verifyHomePageTitle -->
        <test-method is-config="true" signature="tearDown(org.testng.ITestResult)[pri:0, instance:com.qalegentbilling.testscripts.HomeTest@4c012563]" started-at="2023-05-02T10:00:48 GST" name="tearDown" finished-at="2023-05-02T10:00:48 GST" duration-ms="144" status="PASS">
          <params>
            <param index="0">
              <value>
                <![CDATA[[TestResult name=TC006_verifyHomePageTitle status=SUCCESS method=HomeTest.TC006_verifyHomePageTitle()[pri:1, instance:com.qalegentbilling.testscripts.HomeTest@4c012563] output={null}]]]>
              </value>
            </param>
          </params>
          <reporter-output>
          </reporter-output>
        </test-method> <!-- tearDown -->
      </class> <!-- com.qalegentbilling.testscripts.HomeTest -->
      <class name="com.qalegentbilling.testscripts.LoginTest">
        <test-method is-config="true" signature="setUP(java.lang.String)[pri:0, instance:com.qalegentbilling.testscripts.LoginTest@44a59da3]" started-at="2023-05-02T10:00:48 GST" name="setUP" finished-at="2023-05-02T10:00:59 GST" duration-ms="11703" status="PASS">
          <params>
            <param index="0">
              <value>
                <![CDATA[chrome]]>
              </value>
            </param>
          </params>
          <reporter-output>
          </reporter-output>
        </test-method> <!-- setUP -->
        <test-method signature="TC001_verifyLoginPageTitle()[pri:1, instance:com.qalegentbilling.testscripts.LoginTest@44a59da3]" started-at="2023-05-02T10:00:59 GST" name="TC001_verifyLoginPageTitle" description="TC001 verify Login Page Title" finished-at="2023-05-02T10:00:59 GST" duration-ms="91" status="PASS">
          <reporter-output>
          </reporter-output>
        </test-method> <!-- TC001_verifyLoginPageTitle -->
        <test-method is-config="true" signature="tearDown(org.testng.ITestResult)[pri:0, instance:com.qalegentbilling.testscripts.LoginTest@44a59da3]" started-at="2023-05-02T10:00:59 GST" name="tearDown" finished-at="2023-05-02T10:01:00 GST" duration-ms="137" status="PASS">
          <params>
            <param index="0">
              <value>
                <![CDATA[[TestResult name=TC001_verifyLoginPageTitle status=SUCCESS method=LoginTest.TC001_verifyLoginPageTitle()[pri:1, instance:com.qalegentbilling.testscripts.LoginTest@44a59da3] output={null}]]]>
              </value>
            </param>
          </params>
          <reporter-output>
          </reporter-output>
        </test-method> <!-- tearDown -->
      </class> <!-- com.qalegentbilling.testscripts.LoginTest -->
    </test> <!-- parameter testing grouping -->
  </suite> <!-- grouping testing Suite -->
</testng-results>
